<?xml version="1.0" encoding="UTF-8"?>
<!-- Generated by org.testng.reporters.JUnitXMLReporter -->
<testsuite hostname="DESKTOP-QU45OGR" ignored="5" name="Default test(failed)" tests="1" failures="1" timestamp="10 May 2022 12:51:41 GMT" time="0.088" errors="0">
  <testcase name="tc02" time="0.024" classname="org.rerun.TestngGrouping">
    <failure type="java.lang.AssertionError" message="expected [true] but found [false]">
      <![CDATA[java.lang.AssertionError: expected [true] but found [false]
	at org.rerun.TestngGrouping.tc02(TestngGrouping.java:13)
... Removed 29 stack frames]]>
    </failure>
  </testcase> <!-- tc02 -->
  <testcase name="tc01" time="0.0" classname="org.rerun.TestngGrouping">
    <ignored/>
  </testcase> <!-- tc01 -->
  <testcase name="tc04" time="0.0" classname="org.rerun.TestngGrouping">
    <ignored/>
  </testcase> <!-- tc04 -->
  <testcase name="tc03" time="0.0" classname="org.rerun.TestngGrouping">
    <ignored/>
  </testcase> <!-- tc03 -->
  <testcase name="tc06" time="0.0" classname="org.rerun.TestngGrouping">
    <ignored/>
  </testcase> <!-- tc06 -->
  <testcase name="tc05" time="0.0" classname="org.rerun.TestngGrouping">
    <ignored/>
  </testcase> <!-- tc05 -->
</testsuite> <!-- Default test(failed) -->
