<?xml version="1.0" encoding="UTF-8"?>
<!-- Generated by org.testng.reporters.JUnitXMLReporter -->
<testsuite hostname="DESKTOP-QU45OGR" ignored="3" name="Test" tests="3" failures="0" timestamp="10 May 2022 12:50:25 GMT" time="0.103" errors="0">
  <testcase name="tc03" time="0.026" classname="org.rerun.TestngGrouping"/>
  <testcase name="tc04" time="0.005" classname="org.rerun.TestngGrouping"/>
  <testcase name="tc06" time="0.006" classname="org.rerun.TestngGrouping"/>
  <testcase name="tc02" time="0.0" classname="org.rerun.TestngGrouping">
    <ignored/>
  </testcase> <!-- tc02 -->
  <testcase name="tc01" time="0.0" classname="org.rerun.TestngGrouping">
    <ignored/>
  </testcase> <!-- tc01 -->
  <testcase name="tc05" time="0.0" classname="org.rerun.TestngGrouping">
    <ignored/>
  </testcase> <!-- tc05 -->
</testsuite> <!-- Test -->
